Instance: /counter
Power Unit: W
PDB Frames: /stim#0/frame#0
  -------------------------------------------------------------------------
    Category         Leakage     Internal    Switching        Total    Row%
  -------------------------------------------------------------------------
      memory     0.00000e+00  0.00000e+00  0.00000e+00  0.00000e+00   0.00%
    register     1.33150e-09  4.26585e-06  1.04814e-07  4.37200e-06  84.02%
       latch     0.00000e+00  0.00000e+00  0.00000e+00  0.00000e+00   0.00%
       logic     7.32603e-10  3.10031e-07  1.17469e-07  4.28233e-07   8.23%
        bbox     0.00000e+00  0.00000e+00  0.00000e+00  0.00000e+00   0.00%
       clock     0.00000e+00  0.00000e+00  4.03200e-07  4.03200e-07   7.75%
         pad     0.00000e+00  0.00000e+00  0.00000e+00  0.00000e+00   0.00%
          pm     0.00000e+00  0.00000e+00  0.00000e+00  0.00000e+00   0.00%
  -------------------------------------------------------------------------
    Subtotal     2.06410e-09  4.57589e-06  6.25483e-07  5.20343e-06 100.00%
  Percentage           0.04%       87.94%       12.02%      100.00% 100.00%
  -------------------------------------------------------------------------
Instance: /counter
Power Unit: W
PDB Frames: /stim#0/frame#0
  -------------------------------------------------------------------------
    Category         Leakage     Internal    Switching        Total    Row%
  -------------------------------------------------------------------------
      memory     0.00000e+00  0.00000e+00  0.00000e+00  0.00000e+00   0.00%
    register     1.69158e-09  4.08705e-06  1.23498e-07  4.21224e-06  83.18%
       latch     0.00000e+00  0.00000e+00  0.00000e+00  0.00000e+00   0.00%
       logic     7.56906e-10  3.15628e-07  1.32011e-07  4.48396e-07   8.85%
        bbox     0.00000e+00  0.00000e+00  0.00000e+00  0.00000e+00   0.00%
       clock     0.00000e+00  0.00000e+00  4.03200e-07  4.03200e-07   7.96%
         pad     0.00000e+00  0.00000e+00  0.00000e+00  0.00000e+00   0.00%
          pm     0.00000e+00  0.00000e+00  0.00000e+00  0.00000e+00   0.00%
  -------------------------------------------------------------------------
    Subtotal     2.44849e-09  4.40268e-06  6.58709e-07  5.06383e-06  99.99%
  Percentage           0.05%       86.94%       13.01%      100.00% 100.00%
  -------------------------------------------------------------------------
Instance: /counter
Power Unit: W
PDB Frames: /stim#0/frame#0
  -------------------------------------------------------------------------
    Category         Leakage     Internal    Switching        Total    Row%
  -------------------------------------------------------------------------
      memory     0.00000e+00  0.00000e+00  0.00000e+00  0.00000e+00   0.00%
    register     1.33150e-09  4.26585e-06  1.04814e-07  4.37200e-06  84.02%
       latch     0.00000e+00  0.00000e+00  0.00000e+00  0.00000e+00   0.00%
       logic     7.32603e-10  3.10031e-07  1.17469e-07  4.28233e-07   8.23%
        bbox     0.00000e+00  0.00000e+00  0.00000e+00  0.00000e+00   0.00%
       clock     0.00000e+00  0.00000e+00  4.03200e-07  4.03200e-07   7.75%
         pad     0.00000e+00  0.00000e+00  0.00000e+00  0.00000e+00   0.00%
          pm     0.00000e+00  0.00000e+00  0.00000e+00  0.00000e+00   0.00%
  -------------------------------------------------------------------------
    Subtotal     2.06410e-09  4.57589e-06  6.25483e-07  5.20343e-06 100.00%
  Percentage           0.04%       87.94%       12.02%      100.00% 100.00%
  -------------------------------------------------------------------------
Instance: /counter
Power Unit: W
PDB Frames: /stim#0/frame#0
  -------------------------------------------------------------------------
    Category         Leakage     Internal    Switching        Total    Row%
  -------------------------------------------------------------------------
      memory     0.00000e+00  0.00000e+00  0.00000e+00  0.00000e+00   0.00%
    register     1.33289e-09  1.06633e-05  2.24910e-07  1.08895e-05  83.72%
       latch     0.00000e+00  0.00000e+00  0.00000e+00  0.00000e+00   0.00%
       logic     7.95681e-10  8.27584e-07  2.80658e-07  1.10904e-06   8.53%
        bbox     0.00000e+00  0.00000e+00  0.00000e+00  0.00000e+00   0.00%
       clock     0.00000e+00  0.00000e+00  1.00800e-06  1.00800e-06   7.75%
         pad     0.00000e+00  0.00000e+00  0.00000e+00  0.00000e+00   0.00%
          pm     0.00000e+00  0.00000e+00  0.00000e+00  0.00000e+00   0.00%
  -------------------------------------------------------------------------
    Subtotal     2.12857e-09  1.14908e-05  1.51357e-06  1.30065e-05 100.00%
  Percentage           0.02%       88.35%       11.64%      100.00% 100.00%
  -------------------------------------------------------------------------
Instance: /counter
Power Unit: W
PDB Frames: /stim#0/frame#0
  -------------------------------------------------------------------------
    Category         Leakage     Internal    Switching        Total    Row%
  -------------------------------------------------------------------------
      memory     0.00000e+00  0.00000e+00  0.00000e+00  0.00000e+00   0.00%
    register     1.33150e-09  4.26585e-06  1.04814e-07  4.37200e-06  84.02%
       latch     0.00000e+00  0.00000e+00  0.00000e+00  0.00000e+00   0.00%
       logic     7.32603e-10  3.10031e-07  1.17469e-07  4.28233e-07   8.23%
        bbox     0.00000e+00  0.00000e+00  0.00000e+00  0.00000e+00   0.00%
       clock     0.00000e+00  0.00000e+00  4.03200e-07  4.03200e-07   7.75%
         pad     0.00000e+00  0.00000e+00  0.00000e+00  0.00000e+00   0.00%
          pm     0.00000e+00  0.00000e+00  0.00000e+00  0.00000e+00   0.00%
  -------------------------------------------------------------------------
    Subtotal     2.06410e-09  4.57589e-06  6.25483e-07  5.20343e-06 100.00%
  Percentage           0.04%       87.94%       12.02%      100.00% 100.00%
  -------------------------------------------------------------------------
Instance: /counter
Power Unit: W
PDB Frames: /stim#0/frame#0
  -------------------------------------------------------------------------
    Category         Leakage     Internal    Switching        Total    Row%
  -------------------------------------------------------------------------
      memory     0.00000e+00  0.00000e+00  0.00000e+00  0.00000e+00   0.00%
    register     1.71129e-09  1.44688e-05  4.08713e-07  1.48792e-05  87.96%
       latch     0.00000e+00  0.00000e+00  0.00000e+00  0.00000e+00   0.00%
       logic     3.20092e-10  4.01763e-07  3.74963e-07  7.77046e-07   4.59%
        bbox     0.00000e+00  0.00000e+00  0.00000e+00  0.00000e+00   0.00%
       clock     0.00000e+00  0.00000e+00  1.26000e-06  1.26000e-06   7.45%
         pad     0.00000e+00  0.00000e+00  0.00000e+00  0.00000e+00   0.00%
          pm     0.00000e+00  0.00000e+00  0.00000e+00  0.00000e+00   0.00%
  -------------------------------------------------------------------------
    Subtotal     2.03138e-09  1.48706e-05  2.04368e-06  1.69163e-05 100.00%
  Percentage           0.01%       87.91%       12.08%      100.00% 100.00%
  -------------------------------------------------------------------------
Instance: /counter
Power Unit: W
PDB Frames: /stim#0/frame#0
  -------------------------------------------------------------------------
    Category         Leakage     Internal    Switching        Total    Row%
  -------------------------------------------------------------------------
      memory     0.00000e+00  0.00000e+00  0.00000e+00  0.00000e+00   0.00%
    register     1.69158e-09  1.27720e-05  3.85931e-07  1.31596e-05  83.23%
       latch     0.00000e+00  0.00000e+00  0.00000e+00  0.00000e+00   0.00%
       logic     7.54222e-10  9.82558e-07  4.08910e-07  1.39222e-06   8.80%
        bbox     0.00000e+00  0.00000e+00  0.00000e+00  0.00000e+00   0.00%
       clock     0.00000e+00  0.00000e+00  1.26000e-06  1.26000e-06   7.97%
         pad     0.00000e+00  0.00000e+00  0.00000e+00  0.00000e+00   0.00%
          pm     0.00000e+00  0.00000e+00  0.00000e+00  0.00000e+00   0.00%
  -------------------------------------------------------------------------
    Subtotal     2.44580e-09  1.37546e-05  2.05484e-06  1.58119e-05 100.00%
  Percentage           0.02%       86.99%       13.00%      100.00% 100.00%
  -------------------------------------------------------------------------
