============================================================
  Generated by:           Genus(TM) Synthesis Solution 21.18-s082_1
  Generated on:           Sep 30 2025  07:23:00 am
  Module:                 counter
  Operating conditions:   NCCOM (balanced_tree)
  Wireload mode:          segmented
  Area mode:              timing library
============================================================

Instance Module  Cell Count  Cell Area  Net Area   Total Area      Wireload     
--------------------------------------------------------------------------------
counter                  10     45.000     0.000       45.000 ZeroWireload (S)  
  (S) = wireload was automatically selected
============================================================
  Generated by:           Genus(TM) Synthesis Solution 21.18-s082_1
  Generated on:           Sep 30 2025  08:31:24 am
  Module:                 counter
  Operating conditions:   NCCOM (balanced_tree)
  Wireload mode:          segmented
  Area mode:              timing library
============================================================

Instance Module  Cell Count  Cell Area  Net Area   Total Area      Wireload     
--------------------------------------------------------------------------------
counter                  11     55.440     0.000       55.440 ZeroWireload (S)  
  (S) = wireload was automatically selected
============================================================
  Generated by:           Genus(TM) Synthesis Solution 21.18-s082_1
  Generated on:           Oct 01 2025  03:02:20 am
  Module:                 counter
  Operating conditions:   NCCOM (balanced_tree)
  Wireload mode:          segmented
  Area mode:              timing library
============================================================

Instance Module  Cell Count  Cell Area  Net Area   Total Area      Wireload     
--------------------------------------------------------------------------------
counter                  10     45.000     0.000       45.000 ZeroWireload (S)  
  (S) = wireload was automatically selected
============================================================
  Generated by:           Genus(TM) Synthesis Solution 21.18-s082_1
  Generated on:           Oct 01 2025  03:03:28 am
  Module:                 counter
  Operating conditions:   NCCOM (balanced_tree)
  Wireload mode:          segmented
  Area mode:              timing library
============================================================

Instance Module  Cell Count  Cell Area  Net Area   Total Area      Wireload     
--------------------------------------------------------------------------------
counter                  10     45.720     0.000       45.720 ZeroWireload (S)  
  (S) = wireload was automatically selected
============================================================
  Generated by:           Genus(TM) Synthesis Solution 21.18-s082_1
  Generated on:           Oct 04 2025  03:38:19 am
  Module:                 counter
  Operating conditions:   NCCOM (balanced_tree)
  Wireload mode:          segmented
  Area mode:              timing library
============================================================

Instance Module  Cell Count  Cell Area  Net Area   Total Area      Wireload     
--------------------------------------------------------------------------------
counter                  10     45.000     0.000       45.000 ZeroWireload (S)  
  (S) = wireload was automatically selected
