============================================================
  Generated by:           Genus(TM) Synthesis Solution 21.18-s082_1
  Generated on:           Sep 30 2025  07:23:00 am
  Module:                 counter
  Operating conditions:   NCCOM (balanced_tree)
  Wireload mode:          segmented
  Area mode:              timing library
============================================================

Timing
--------

Clock  Period 
--------------
clk   10000.0 


  Cost    Critical        No of gates on  Violating 
 Group   Path Slack  TNS   Critical Path    Paths   
----------------------------------------------------
clk          6818.6   0.0              0          0 
default    No paths   0.0                           
----------------------------------------------------
Total                 0.0                         0 

Instance Count
--------------
Leaf Instance Count             10 
Physical Instance count          0 
Sequential Instance Count        4 
Combinational Instance Count     6 
Hierarchical Instance Count      0 

Area
----
Cell Area                          45.000
Physical Cell Area                 0.000
Total Cell Area (Cell+Physical)    45.000
Net Area                           0.000
Total Area (Cell+Physical+Net)     45.000

Max Fanout                         4 (clk)
Min Fanout                         0 (n_6)
Average Fanout                     2.0
Terms to net ratio                 2.9231
Terms to instance ratio            3.8000
Runtime                            7.988703 seconds
Elapsed Runtime                    12 seconds
Genus peak memory usage            1775.73 
Innovus peak memory usage          no_value 
Hostname                           ncdc-0104
============================================================
  Generated by:           Genus(TM) Synthesis Solution 21.18-s082_1
  Generated on:           Sep 30 2025  08:31:24 am
  Module:                 counter
  Operating conditions:   NCCOM (balanced_tree)
  Wireload mode:          segmented
  Area mode:              timing library
============================================================

Timing
--------

Clock  Period 
--------------
clk   10000.0 


  Cost    Critical        No of gates on  Violating 
 Group   Path Slack  TNS   Critical Path    Paths   
----------------------------------------------------
clk          6829.2   0.0              0          0 
default    No paths   0.0                           
----------------------------------------------------
Total                 0.0                         0 

Instance Count
--------------
Leaf Instance Count             11 
Physical Instance count          0 
Sequential Instance Count        4 
Combinational Instance Count     7 
Hierarchical Instance Count      0 

Area
----
Cell Area                          55.440
Physical Cell Area                 0.000
Total Cell Area (Cell+Physical)    55.440
Net Area                           0.000
Total Area (Cell+Physical+Net)     55.440

Max Fanout                         5 (count[0])
Min Fanout                         0 (n_6)
Average Fanout                     2.4
Terms to net ratio                 3.1333
Terms to instance ratio            4.2727
Runtime                            7.986532 seconds
Elapsed Runtime                    32 seconds
Genus peak memory usage            1783.96 
Innovus peak memory usage          no_value 
Hostname                           ncdc-0104
============================================================
  Generated by:           Genus(TM) Synthesis Solution 21.18-s082_1
  Generated on:           Oct 01 2025  03:02:20 am
  Module:                 counter
  Operating conditions:   NCCOM (balanced_tree)
  Wireload mode:          segmented
  Area mode:              timing library
============================================================

Timing
--------

Clock  Period 
--------------
clk   10000.0 


  Cost    Critical        No of gates on  Violating 
 Group   Path Slack  TNS   Critical Path    Paths   
----------------------------------------------------
clk          6818.6   0.0              0          0 
default    No paths   0.0                           
----------------------------------------------------
Total                 0.0                         0 

Instance Count
--------------
Leaf Instance Count             10 
Physical Instance count          0 
Sequential Instance Count        4 
Combinational Instance Count     6 
Hierarchical Instance Count      0 

Area
----
Cell Area                          45.000
Physical Cell Area                 0.000
Total Cell Area (Cell+Physical)    45.000
Net Area                           0.000
Total Area (Cell+Physical+Net)     45.000

Max Fanout                         4 (clk)
Min Fanout                         0 (n_6)
Average Fanout                     2.0
Terms to net ratio                 2.9231
Terms to instance ratio            3.8000
Runtime                            7.982937 seconds
Elapsed Runtime                    10 seconds
Genus peak memory usage            1775.05 
Innovus peak memory usage          no_value 
Hostname                           ncdc-0104
============================================================
  Generated by:           Genus(TM) Synthesis Solution 21.18-s082_1
  Generated on:           Oct 01 2025  03:03:28 am
  Module:                 counter
  Operating conditions:   NCCOM (balanced_tree)
  Wireload mode:          segmented
  Area mode:              timing library
============================================================

Timing
--------

Clock Period 
-------------
clk   4000.0 


  Cost    Critical        No of gates on  Violating 
 Group   Path Slack  TNS   Critical Path    Paths   
----------------------------------------------------
clk           819.0   0.0              0          0 
default    No paths   0.0                           
----------------------------------------------------
Total                 0.0                         0 

Instance Count
--------------
Leaf Instance Count             10 
Physical Instance count          0 
Sequential Instance Count        4 
Combinational Instance Count     6 
Hierarchical Instance Count      0 

Area
----
Cell Area                          45.720
Physical Cell Area                 0.000
Total Cell Area (Cell+Physical)    45.720
Net Area                           0.000
Total Area (Cell+Physical+Net)     45.720

Max Fanout                         4 (clk)
Min Fanout                         0 (n_9)
Average Fanout                     1.8
Terms to net ratio                 2.7692
Terms to instance ratio            3.6000
Runtime                            7.985312 seconds
Elapsed Runtime                    10 seconds
Genus peak memory usage            1774.29 
Innovus peak memory usage          no_value 
Hostname                           ncdc-0104
============================================================
  Generated by:           Genus(TM) Synthesis Solution 21.18-s082_1
  Generated on:           Oct 01 2025  05:08:12 am
  Module:                 counter
  Operating conditions:   NCCOM (balanced_tree)
  Wireload mode:          segmented
  Area mode:              timing library
============================================================

Timing
--------

Clock Period 
-------------
clk   4000.0 


  Cost    Critical        No of gates on  Violating 
 Group   Path Slack  TNS   Critical Path    Paths   
----------------------------------------------------
clk           829.2   0.0              0          0 
default    No paths   0.0                           
----------------------------------------------------
Total                 0.0                         0 

Instance Count
--------------
Leaf Instance Count             11 
Physical Instance count          0 
Sequential Instance Count        4 
Combinational Instance Count     7 
Hierarchical Instance Count      0 

Area
----
Cell Area                          56.160
Physical Cell Area                 0.000
Total Cell Area (Cell+Physical)    56.160
Net Area                           0.000
Total Area (Cell+Physical+Net)     56.160

Max Fanout                         5 (count[0])
Min Fanout                         0 (n_11)
Average Fanout                     2.3
Terms to net ratio                 3.0000
Terms to instance ratio            4.0909
Runtime                            7.98177 seconds
Elapsed Runtime                    8 seconds
Genus peak memory usage            1785.30 
Innovus peak memory usage          no_value 
Hostname                           ncdc-0104
